<?xml version="1.0" encoding="UTF-8"?>
<testng-results total="1" passed="1" failed="0" skipped="0">
  <reporter-output>
  </reporter-output>
  <suite started-at="2025-07-10T04:00:27Z" name="Suite" finished-at="2025-07-10T04:00:57Z" duration-ms="29851">
    <groups>
      <group name="Master">
        <method signature="TC002_Login.Login()[pri:0, instance:testCases.TC002_Login@11f0a5a1]" name="Login" class="testCases.TC002_Login"/>
      </group> <!-- Master -->
      <group name="Sanity">
        <method signature="TC002_Login.Login()[pri:0, instance:testCases.TC002_Login@11f0a5a1]" name="Login" class="testCases.TC002_Login"/>
      </group> <!-- Sanity -->
    </groups>
    <test started-at="2025-07-10T04:00:27Z" name="Test" finished-at="2025-07-10T04:00:57Z" duration-ms="29851">
      <class name="testCases.TC002_Login">
        <test-method is-config="true" signature="setup(java.lang.String, java.lang.String)[pri:0, instance:testCases.TC002_Login@11f0a5a1]" started-at="2025-07-09T23:00:28Z" name="setup" finished-at="2025-07-09T23:00:35Z" duration-ms="7069" status="PASS">
          <params>
            <param index="0">
              <value>
                <![CDATA[Windows]]>
              </value>
            </param>
            <param index="1">
              <value>
                <![CDATA[chrome]]>
              </value>
            </param>
          </params>
          <reporter-output>
          </reporter-output>
        </test-method> <!-- setup -->
        <test-method signature="Login()[pri:0, instance:testCases.TC002_Login@11f0a5a1]" started-at="2025-07-09T23:00:35Z" name="Login" finished-at="2025-07-09T23:00:54Z" duration-ms="19085" status="PASS">
          <reporter-output>
          </reporter-output>
        </test-method> <!-- Login -->
        <test-method is-config="true" signature="teardown()[pri:0, instance:testCases.TC002_Login@11f0a5a1]" started-at="2025-07-09T23:00:54Z" name="teardown" finished-at="2025-07-09T23:00:57Z" duration-ms="3190" status="PASS">
          <reporter-output>
          </reporter-output>
        </test-method> <!-- teardown -->
      </class> <!-- testCases.TC002_Login -->
    </test> <!-- Test -->
  </suite> <!-- Suite -->
</testng-results>
