<?xml version="1.0" encoding="UTF-8"?>
<testng-results total="1" passed="1" failed="0" skipped="0">
  <reporter-output>
  </reporter-output>
  <suite started-at="2025-07-09T22:58:35Z" name="Suite" finished-at="2025-07-09T22:59:07Z" duration-ms="32825">
    <groups>
      <group name="Master">
        <method signature="TC001_AccountRegistration.Login()[pri:0, instance:testCases.TC001_AccountRegistration@c9d0d6]" name="Login" class="testCases.TC001_AccountRegistration"/>
      </group> <!-- Master -->
      <group name="Regression">
        <method signature="TC001_AccountRegistration.Login()[pri:0, instance:testCases.TC001_AccountRegistration@c9d0d6]" name="Login" class="testCases.TC001_AccountRegistration"/>
      </group> <!-- Regression -->
    </groups>
    <test started-at="2025-07-09T22:58:35Z" name="ChromeTest" finished-at="2025-07-09T22:59:07Z" duration-ms="32825">
      <class name="testCases.TC001_AccountRegistration">
        <test-method is-config="true" signature="setup(java.lang.String, java.lang.String)[pri:0, instance:testCases.TC001_AccountRegistration@c9d0d6]" started-at="2025-07-09T17:58:35Z" name="setup" finished-at="2025-07-09T17:58:47Z" duration-ms="11770" status="PASS">
          <params>
            <param index="0">
              <value>
                <![CDATA[linux]]>
              </value>
            </param>
            <param index="1">
              <value>
                <![CDATA[chrome]]>
              </value>
            </param>
          </params>
          <reporter-output>
          </reporter-output>
        </test-method> <!-- setup -->
        <test-method signature="Login()[pri:0, instance:testCases.TC001_AccountRegistration@c9d0d6]" started-at="2025-07-09T17:58:47Z" name="Login" finished-at="2025-07-09T17:59:02Z" duration-ms="15367" status="PASS">
          <reporter-output>
          </reporter-output>
        </test-method> <!-- Login -->
        <test-method is-config="true" signature="teardown()[pri:0, instance:testCases.TC001_AccountRegistration@c9d0d6]" started-at="2025-07-09T17:59:02Z" name="teardown" finished-at="2025-07-09T17:59:07Z" duration-ms="5179" status="PASS">
          <reporter-output>
          </reporter-output>
        </test-method> <!-- teardown -->
      </class> <!-- testCases.TC001_AccountRegistration -->
    </test> <!-- ChromeTest -->
  </suite> <!-- Suite -->
</testng-results>
